<?xml version="1.0" encoding="UTF-8"?>
<!-- Generated by org.testng.reporters.JUnitReportReporter -->
<testsuite skipped="0" hostname="DESKTOP-LH1RN4F" name="Vtiger.Organization.Testscripts.CreateMultipleOrg" tests="5" failures="0" timestamp="08 Jan 2023 15:33:41 GMT" time="138.421" errors="1">
  <testcase name="createMultiOrgTest" time="25.991" classname="Vtiger.Organization.Testscripts.CreateMultipleOrg"/>
  <testcase name="createMultiOrgTest" time="24.564" classname="Vtiger.Organization.Testscripts.CreateMultipleOrg"/>
  <testcase name="createMultiOrgTest" time="19.111" classname="Vtiger.Organization.Testscripts.CreateMultipleOrg"/>
  <testcase name="createMultiOrgTest" time="27.464" classname="Vtiger.Organization.Testscripts.CreateMultipleOrg">
    <error type="org.openqa.selenium.NoSuchElementException" message="Cannot locate option with text: insurance
For documentation on this error, please visit: https://selenium.dev/exceptions/#no_such_element
Build info: version: &#039;4.4.0&#039;, revision: &#039;e5c75ed026a&#039;
System info: host: &#039;DESKTOP-LH1RN4F&#039;, ip: &#039;192.168.175.1&#039;, os.name: &#039;Windows 10&#039;, os.arch: &#039;amd64&#039;, os.version: &#039;10.0&#039;, java.version: &#039;1.8.0_341&#039;
Driver info: driver.version: unknown">
      <![CDATA[org.openqa.selenium.NoSuchElementException: Cannot locate option with text: insurance
For documentation on this error, please visit: https://selenium.dev/exceptions/#no_such_element
Build info: version: '4.4.0', revision: 'e5c75ed026a'
System info: host: 'DESKTOP-LH1RN4F', ip: '192.168.175.1', os.name: 'Windows 10', os.arch: 'amd64', os.version: '10.0', java.version: '1.8.0_341'
Driver info: driver.version: unknown
at org.openqa.selenium.support.ui.Select.selectByVisibleText(Select.java:151)
at Vtiger.GenericUtility.WebDriverUtility.handleDropDown(WebDriverUtility.java:51)
at Vtiger.ObjectRepository.CreateNewOrganizationPage.createNewOrgWithIndustryDD(CreateNewOrganizationPage.java:36)
at Vtiger.Organization.Testscripts.CreateMultipleOrg.createMultiOrgTest(CreateMultipleOrg.java:75)
at sun.reflect.NativeMethodAccessorImpl.invoke0(Native Method)
at sun.reflect.NativeMethodAccessorImpl.invoke(Unknown Source)
at sun.reflect.DelegatingMethodAccessorImpl.invoke(Unknown Source)
at java.lang.reflect.Method.invoke(Unknown Source)
at org.testng.internal.MethodInvocationHelper.invokeMethod(MethodInvocationHelper.java:124)
at org.testng.internal.Invoker.invokeMethod(Invoker.java:583)
at org.testng.internal.Invoker.invokeTestMethod(Invoker.java:719)
at org.testng.internal.Invoker.invokeTestMethods(Invoker.java:989)
at org.testng.internal.TestMethodWorker.invokeTestMethods(TestMethodWorker.java:125)
at org.testng.internal.TestMethodWorker.run(TestMethodWorker.java:109)
at org.testng.TestRunner.privateRun(TestRunner.java:648)
at org.testng.TestRunner.run(TestRunner.java:505)
at org.testng.SuiteRunner.runTest(SuiteRunner.java:455)
at org.testng.SuiteRunner.runSequentially(SuiteRunner.java:450)
at org.testng.SuiteRunner.privateRun(SuiteRunner.java:415)
at org.testng.SuiteRunner.run(SuiteRunner.java:364)
at org.testng.SuiteRunnerWorker.runSuite(SuiteRunnerWorker.java:52)
at org.testng.SuiteRunnerWorker.run(SuiteRunnerWorker.java:84)
at org.testng.TestNG.runSuitesSequentially(TestNG.java:1208)
at org.testng.TestNG.runSuitesLocally(TestNG.java:1137)
at org.testng.TestNG.runSuites(TestNG.java:1049)
at org.testng.TestNG.run(TestNG.java:1017)
at org.testng.remote.AbstractRemoteTestNG.run(AbstractRemoteTestNG.java:114)
at org.testng.remote.RemoteTestNG.initAndRun(RemoteTestNG.java:251)
at org.testng.remote.RemoteTestNG.main(RemoteTestNG.java:77)
]]>
    </error>
  </testcase> <!-- createMultiOrgTest -->
  <testcase name="createMultiOrgTest" time="41.291" classname="Vtiger.Organization.Testscripts.CreateMultipleOrg"/>
</testsuite> <!-- Vtiger.Organization.Testscripts.CreateMultipleOrg -->
